<?xml version="1.0" encoding="UTF-8"?>
<!-- Generated by org.testng.reporters.JUnitXMLReporter -->
<testsuite ignored="0" hostname="one-konnect-LT181" failures="0" tests="2" name="Default test" time="40.668" errors="0" timestamp="2023-12-01T04:07:21 EET">
  <testcase classname="io.cucumber.testng.AbstractTestNGCucumberTests" name="runScenario" time="20.112"/>
  <testcase classname="io.cucumber.testng.AbstractTestNGCucumberTests" name="runScenario" time="20.067"/>
</testsuite> <!-- Default test -->
