<?xml version="1.0" encoding="UTF-8"?>
<testng-results ignored="0" total="2" passed="2" failed="0" skipped="0">
  <reporter-output>
  </reporter-output>
  <suite started-at="2023-12-01T04:06:41 EET" name="Default suite" finished-at="2023-12-01T04:07:21 EET" duration-ms="40668">
    <groups>
      <group name="cucumber">
        <method signature="AbstractTestNGCucumberTests.runScenario(io.cucumber.testng.PickleWrapper, io.cucumber.testng.FeatureWrapper)[pri:0, instance:runner.TestRunner@2fd1433e]" name="runScenario" class="io.cucumber.testng.AbstractTestNGCucumberTests"/>
      </group> <!-- cucumber -->
    </groups>
    <test started-at="2023-12-01T04:06:41 EET" name="Default test" finished-at="2023-12-01T04:07:21 EET" duration-ms="40668">
      <class name="runner.TestRunner">
        <test-method is-config="true" signature="statrdriver()[pri:0, instance:runner.TestRunner@2fd1433e]" started-at="2023-12-01T04:06:38 EET" name="statrdriver" finished-at="2023-12-01T04:06:41 EET" duration-ms="2529" status="PASS">
          <reporter-output>
          </reporter-output>
        </test-method> <!-- statrdriver -->
        <test-method is-config="true" signature="setUpClass(org.testng.ITestContext)[pri:0, instance:runner.TestRunner@2fd1433e]" started-at="2023-12-01T04:06:41 EET" name="setUpClass" finished-at="2023-12-01T04:06:41 EET" duration-ms="416" status="PASS">
          <params>
            <param index="0">
              <value>
                <![CDATA[org.testng.TestRunner@7b66322e]]>
              </value>
            </param>
          </params>
          <reporter-output>
          </reporter-output>
        </test-method> <!-- setUpClass -->
        <test-method signature="runScenario(io.cucumber.testng.PickleWrapper, io.cucumber.testng.FeatureWrapper)[pri:0, instance:runner.TestRunner@2fd1433e]" started-at="2023-12-01T04:06:41 EET" name="runScenario" description="Runs Cucumber Scenarios" data-provider="scenarios" finished-at="2023-12-01T04:07:01 EET" duration-ms="20112" status="PASS">
          <params>
            <param index="0">
              <value>
                <![CDATA["User Registration"]]>
              </value>
            </param>
            <param index="1">
              <value>
                <![CDATA["User Can Register to Jumia"]]>
              </value>
            </param>
          </params>
          <reporter-output>
          </reporter-output>
        </test-method> <!-- runScenario -->
        <test-method signature="runScenario(io.cucumber.testng.PickleWrapper, io.cucumber.testng.FeatureWrapper)[pri:0, instance:runner.TestRunner@2fd1433e]" started-at="2023-12-01T04:07:01 EET" name="runScenario" description="Runs Cucumber Scenarios" data-provider="scenarios" finished-at="2023-12-01T04:07:21 EET" duration-ms="20067" status="PASS">
          <params>
            <param index="0">
              <value>
                <![CDATA["user add products"]]>
              </value>
            </param>
            <param index="1">
              <value>
                <![CDATA["User add productss"]]>
              </value>
            </param>
          </params>
          <reporter-output>
          </reporter-output>
        </test-method> <!-- runScenario -->
        <test-method is-config="true" signature="tearDownClass()[pri:0, instance:runner.TestRunner@2fd1433e]" started-at="2023-12-01T04:07:21 EET" name="tearDownClass" finished-at="2023-12-01T04:07:21 EET" duration-ms="47" status="PASS">
          <reporter-output>
          </reporter-output>
        </test-method> <!-- tearDownClass -->
      </class> <!-- runner.TestRunner -->
    </test> <!-- Default test -->
  </suite> <!-- Default suite -->
</testng-results>
